<?xml version="1.0" encoding="UTF-8"?>
<testng-results ignored="0" total="1" passed="1" failed="0" skipped="0">
  <reporter-output>
  </reporter-output>
  <suite started-at="2024-06-02T22:44:28 AEST" name="TestSUITE" finished-at="2024-06-02T22:44:58 AEST" duration-ms="30358">
    <groups>
    </groups>
    <test started-at="2024-06-02T22:44:28 AEST" name="Sample TEST" finished-at="2024-06-02T22:44:58 AEST" duration-ms="30358">
      <class name="seleniummavenproj.Triggeringprogram">
        <test-method is-config="true" signature="loadobjectfile()[pri:0, instance:seleniummavenproj.Triggeringprogram@5afa3c9]" started-at="2024-06-02T22:44:28 AEST" name="loadobjectfile" finished-at="2024-06-02T22:44:28 AEST" duration-ms="22" status="PASS">
          <reporter-output>
          </reporter-output>
        </test-method> <!-- loadobjectfile -->
        <test-method signature="test()[pri:0, instance:seleniummavenproj.Triggeringprogram@5afa3c9]" started-at="2024-06-02T22:44:28 AEST" name="test" finished-at="2024-06-02T22:44:29 AEST" duration-ms="990" status="PASS">
          <reporter-output>
          </reporter-output>
        </test-method> <!-- test -->
        <test-method is-config="true" signature="run()[pri:0, instance:seleniummavenproj.Triggeringprogram@5afa3c9]" started-at="2024-06-02T22:44:29 AEST" name="run" finished-at="2024-06-02T22:44:58 AEST" duration-ms="29285" status="PASS">
          <reporter-output>
          </reporter-output>
        </test-method> <!-- run -->
      </class> <!-- seleniummavenproj.Triggeringprogram -->
    </test> <!-- Sample TEST -->
  </suite> <!-- TestSUITE -->
</testng-results>
